[2021-09-26 03:55:31Z INFO HostContext] No proxy settings were found based on environmental variables (http_proxy/https_proxy/HTTP_PROXY/HTTPS_PROXY)
[2021-09-26 03:55:31Z INFO HostContext] Well known directory 'Bin': '/mnt/c/Users/reza/go/src/materi-rakamin/ci-cd/actions-runner/bin'
[2021-09-26 03:55:31Z INFO HostContext] Well known directory 'Root': '/mnt/c/Users/reza/go/src/materi-rakamin/ci-cd/actions-runner'
[2021-09-26 03:55:31Z INFO HostContext] Well known config file 'Credentials': '/mnt/c/Users/reza/go/src/materi-rakamin/ci-cd/actions-runner/.credentials'
[2021-09-26 03:55:32Z INFO Listener] Runner is built for Linux (X64) - linux-x64.
[2021-09-26 03:55:32Z INFO Listener] RuntimeInformation: Linux 5.10.16.3-microsoft-standard-WSL2 #1 SMP Fri Apr 2 22:23:49 UTC 2021.
[2021-09-26 03:55:32Z INFO Listener] Version: 2.283.1
[2021-09-26 03:55:32Z INFO Listener] Commit: e6baf0d2755bc747d0eb58f24941e273d16c6524
[2021-09-26 03:55:32Z INFO Listener] Culture: 
[2021-09-26 03:55:32Z INFO Listener] UI Culture: 
[2021-09-26 03:55:32Z INFO HostContext] Well known directory 'Bin': '/mnt/c/Users/reza/go/src/materi-rakamin/ci-cd/actions-runner/bin'
[2021-09-26 03:55:32Z INFO HostContext] Well known directory 'Root': '/mnt/c/Users/reza/go/src/materi-rakamin/ci-cd/actions-runner'
[2021-09-26 03:55:32Z INFO Listener] Validating directory permissions for: '/mnt/c/Users/reza/go/src/materi-rakamin/ci-cd/actions-runner'
[2021-09-26 03:55:32Z INFO CommandLineParser] Parse
[2021-09-26 03:55:32Z INFO CommandLineParser] Parsing 1 args
[2021-09-26 03:55:32Z INFO CommandLineParser] parsing argument
[2021-09-26 03:55:32Z INFO CommandLineParser] HasArgs: False
[2021-09-26 03:55:32Z INFO CommandLineParser] Adding Command: run
[2021-09-26 03:55:32Z INFO Listener] Arguments parsed
[2021-09-26 03:55:32Z INFO Runner] ExecuteCommand
[2021-09-26 03:55:32Z INFO ConfigurationStore] currentAssemblyLocation: /mnt/c/Users/reza/go/src/materi-rakamin/ci-cd/actions-runner/bin/Runner.Listener.dll
[2021-09-26 03:55:32Z INFO HostContext] Well known directory 'Bin': '/mnt/c/Users/reza/go/src/materi-rakamin/ci-cd/actions-runner/bin'
[2021-09-26 03:55:32Z INFO ConfigurationStore] binPath: /mnt/c/Users/reza/go/src/materi-rakamin/ci-cd/actions-runner/bin
[2021-09-26 03:55:32Z INFO HostContext] Well known directory 'Bin': '/mnt/c/Users/reza/go/src/materi-rakamin/ci-cd/actions-runner/bin'
[2021-09-26 03:55:32Z INFO HostContext] Well known directory 'Root': '/mnt/c/Users/reza/go/src/materi-rakamin/ci-cd/actions-runner'
[2021-09-26 03:55:32Z INFO ConfigurationStore] RootFolder: /mnt/c/Users/reza/go/src/materi-rakamin/ci-cd/actions-runner
[2021-09-26 03:55:32Z INFO HostContext] Well known directory 'Bin': '/mnt/c/Users/reza/go/src/materi-rakamin/ci-cd/actions-runner/bin'
[2021-09-26 03:55:32Z INFO HostContext] Well known directory 'Root': '/mnt/c/Users/reza/go/src/materi-rakamin/ci-cd/actions-runner'
[2021-09-26 03:55:32Z INFO HostContext] Well known config file 'Runner': '/mnt/c/Users/reza/go/src/materi-rakamin/ci-cd/actions-runner/.runner'
[2021-09-26 03:55:32Z INFO ConfigurationStore] ConfigFilePath: /mnt/c/Users/reza/go/src/materi-rakamin/ci-cd/actions-runner/.runner
[2021-09-26 03:55:32Z INFO HostContext] Well known directory 'Bin': '/mnt/c/Users/reza/go/src/materi-rakamin/ci-cd/actions-runner/bin'
[2021-09-26 03:55:32Z INFO HostContext] Well known directory 'Root': '/mnt/c/Users/reza/go/src/materi-rakamin/ci-cd/actions-runner'
[2021-09-26 03:55:32Z INFO HostContext] Well known config file 'Credentials': '/mnt/c/Users/reza/go/src/materi-rakamin/ci-cd/actions-runner/.credentials'
[2021-09-26 03:55:32Z INFO ConfigurationStore] CredFilePath: /mnt/c/Users/reza/go/src/materi-rakamin/ci-cd/actions-runner/.credentials
[2021-09-26 03:55:32Z INFO HostContext] Well known directory 'Bin': '/mnt/c/Users/reza/go/src/materi-rakamin/ci-cd/actions-runner/bin'
[2021-09-26 03:55:32Z INFO HostContext] Well known directory 'Root': '/mnt/c/Users/reza/go/src/materi-rakamin/ci-cd/actions-runner'
[2021-09-26 03:55:32Z INFO HostContext] Well known config file 'MigratedCredentials': '/mnt/c/Users/reza/go/src/materi-rakamin/ci-cd/actions-runner/.credentials_migrated'
[2021-09-26 03:55:32Z INFO ConfigurationStore] MigratedCredFilePath: /mnt/c/Users/reza/go/src/materi-rakamin/ci-cd/actions-runner/.credentials_migrated
[2021-09-26 03:55:32Z INFO HostContext] Well known directory 'Bin': '/mnt/c/Users/reza/go/src/materi-rakamin/ci-cd/actions-runner/bin'
[2021-09-26 03:55:32Z INFO HostContext] Well known directory 'Root': '/mnt/c/Users/reza/go/src/materi-rakamin/ci-cd/actions-runner'
[2021-09-26 03:55:32Z INFO HostContext] Well known config file 'Service': '/mnt/c/Users/reza/go/src/materi-rakamin/ci-cd/actions-runner/.service'
[2021-09-26 03:55:32Z INFO ConfigurationStore] ServiceConfigFilePath: /mnt/c/Users/reza/go/src/materi-rakamin/ci-cd/actions-runner/.service
[2021-09-26 03:55:32Z INFO CommandSettings] Flag 'help': 'False'
[2021-09-26 03:55:32Z INFO CommandSettings] Flag 'version': 'False'
[2021-09-26 03:55:32Z INFO CommandSettings] Flag 'commit': 'False'
[2021-09-26 03:55:32Z INFO CommandSettings] Flag 'check': 'False'
[2021-09-26 03:55:32Z INFO CommandSettings] Command 'configure': 'False'
[2021-09-26 03:55:32Z INFO CommandSettings] Command 'remove': 'False'
[2021-09-26 03:55:32Z INFO CommandSettings] Command 'warmup': 'False'
[2021-09-26 03:55:32Z INFO ConfigurationManager] LoadSettings
[2021-09-26 03:55:32Z INFO ConfigurationStore] IsConfigured()
[2021-09-26 03:55:32Z INFO ConfigurationStore] IsConfigured: True
[2021-09-26 03:55:32Z INFO ConfigurationManager] Is configured: True
[2021-09-26 03:55:32Z INFO ConfigurationStore] Read setting file: 290 chars
[2021-09-26 03:55:32Z INFO ConfigurationManager] Settings Loaded
[2021-09-26 03:55:32Z INFO ConfigurationStore] IsServiceConfigured()
[2021-09-26 03:55:32Z INFO ConfigurationStore] IsServiceConfigured: False
[2021-09-26 03:55:32Z INFO CommandSettings] Command 'run': 'True'
[2021-09-26 03:55:32Z INFO ConfigurationStore] IsConfigured()
[2021-09-26 03:55:32Z INFO ConfigurationStore] IsConfigured: True
[2021-09-26 03:55:32Z INFO ConfigurationManager] Is configured: True
[2021-09-26 03:55:32Z INFO Runner] Could not parse the argument value '' for StartupType. Defaulting to Manual
[2021-09-26 03:55:32Z INFO Runner] Set runner startup type - Manual
[2021-09-26 03:55:32Z INFO CommandSettings] Flag 'once': 'False'
[2021-09-26 03:55:32Z INFO Runner] RunAsync
[2021-09-26 03:55:32Z INFO ConfigurationManager] LoadSettings
[2021-09-26 03:55:32Z INFO ConfigurationStore] IsConfigured()
[2021-09-26 03:55:32Z INFO ConfigurationStore] IsConfigured: True
[2021-09-26 03:55:32Z INFO ConfigurationManager] Is configured: True
[2021-09-26 03:55:32Z INFO ConfigurationManager] Settings Loaded
[2021-09-26 03:55:32Z INFO MessageListener] {
  "AgentId": 21,
  "AgentName": "RezaMuhammad",
  "PoolId": 1,
  "PoolName": "Default",
  "ServerUrl": "https://pipelines.actions.githubusercontent.com/cuL4zmzH9S6UOBARaQLIlMo1gC3tDWyauzhxI7jq1t4GDwQE4H",
  "GitHubUrl": "https://github.com/rezamakbar/reza-cicd",
  "WorkFolder": "_work"
}
[2021-09-26 03:55:32Z INFO MessageListener] Loading Credentials
[2021-09-26 03:55:32Z INFO ConfigurationStore] HasCredentials()
[2021-09-26 03:55:32Z INFO ConfigurationStore] stored True
[2021-09-26 03:55:32Z INFO CredentialManager] GetCredentialProvider
[2021-09-26 03:55:32Z INFO CredentialManager] Creating type OAuth
[2021-09-26 03:55:32Z INFO CredentialManager] Creating credential type: OAuth
[2021-09-26 03:55:32Z INFO HostContext] Well known directory 'Bin': '/mnt/c/Users/reza/go/src/materi-rakamin/ci-cd/actions-runner/bin'
[2021-09-26 03:55:32Z INFO HostContext] Well known directory 'Root': '/mnt/c/Users/reza/go/src/materi-rakamin/ci-cd/actions-runner'
[2021-09-26 03:55:32Z INFO HostContext] Well known config file 'RSACredentials': '/mnt/c/Users/reza/go/src/materi-rakamin/ci-cd/actions-runner/.credentials_rsaparams'
[2021-09-26 03:55:32Z INFO RSAFileKeyManager] Loading RSA key parameters from file /mnt/c/Users/reza/go/src/materi-rakamin/ci-cd/actions-runner/.credentials_rsaparams
[2021-09-26 03:55:32Z INFO MessageListener] Attempt to create session.
[2021-09-26 03:55:32Z INFO MessageListener] Connecting to the Runner Server...
[2021-09-26 03:55:32Z INFO RunnerServer] Establish connection with 100 seconds timeout.
[2021-09-26 03:55:32Z INFO GitHubActionsService] Starting operation Location.GetConnectionData
[2021-09-26 03:55:33Z INFO RunnerServer] Establish connection with 60 seconds timeout.
[2021-09-26 03:55:33Z INFO GitHubActionsService] Starting operation Location.GetConnectionData
[2021-09-26 03:55:33Z INFO RunnerServer] Establish connection with 60 seconds timeout.
[2021-09-26 03:55:33Z INFO GitHubActionsService] Starting operation Location.GetConnectionData
[2021-09-26 03:55:34Z INFO GitHubActionsService] Finished operation Location.GetConnectionData
[2021-09-26 03:55:34Z INFO GitHubActionsService] Finished operation Location.GetConnectionData
[2021-09-26 03:55:34Z INFO GitHubActionsService] Finished operation Location.GetConnectionData
[2021-09-26 03:55:35Z INFO MessageListener] VssConnection created
[2021-09-26 03:55:35Z INFO Terminal] WRITE LINE: 
[2021-09-26 03:55:35Z INFO Terminal] WRITE LINE: 
[2021-09-26 03:55:35Z WARN GitHubActionsService] Authentication failed with status code 401.
WWW-Authenticate: Bearer
Strict-Transport-Security: max-age=2592000
X-TFS-ProcessId: 176a311c-4fb5-45cc-8468-efd3b7cd5750
ActivityId: 28e28d6a-14db-400e-a36a-14b946957635
X-TFS-Session: d6545557-b814-4998-abb1-c44688e20140
X-VSS-E2EID: e14c1cce-86d5-4b35-9160-6b57501e0b45
X-VSS-SenderDeploymentId: 1139089e-89fd-ce7a-6851-1ac6328a300e
X-TFS-ServiceError: The+user+%27System%3aPublicAccess%3baaaaaaaa-aaaa-aaaa-aaaa-aaaaaaaaaaaa%27+is+not+authorized+to+access+this+resource.
X-VSS-S2STargetService: 0000005A-0000-8888-8000-000000000000/visualstudio.com
X-Cache: CONFIG_NOCACHE
X-MSEdge-Ref: Ref A: 976F4B9F74EF4600A905116D8D0EC671 Ref B: SGEEDGE0413 Ref C: 2021-09-26T03:55:26Z
Date: Sun, 26 Sep 2021 03:55:25 GMT

[2021-09-26 03:55:35Z INFO RSAFileKeyManager] Loading RSA key parameters from file /mnt/c/Users/reza/go/src/materi-rakamin/ci-cd/actions-runner/.credentials_rsaparams
[2021-09-26 03:55:35Z INFO RSAFileKeyManager] Loading RSA key parameters from file /mnt/c/Users/reza/go/src/materi-rakamin/ci-cd/actions-runner/.credentials_rsaparams
[2021-09-26 03:55:35Z INFO GitHubActionsService] AAD Correlation ID for this token request: Unknown
[2021-09-26 03:55:36Z INFO MessageListener] Session created.
[2021-09-26 03:55:36Z INFO Terminal] WRITE LINE: 2021-09-26 03:55:36Z: Listening for Jobs
[2021-09-26 03:55:36Z INFO JobDispatcher] Set runner/worker IPC timeout to 30 seconds.
[2021-09-26 04:25:47Z INFO MessageListener] No message retrieved from session 'a09d1158-1beb-4913-90b4-0138e47c0dfe' within last 30 minutes.
[2021-09-26 04:30:32Z INFO Terminal] WRITE LINE: Exiting...
[2021-09-26 04:30:32Z INFO ConfigurationStore] IsServiceConfigured()
[2021-09-26 04:30:32Z INFO ConfigurationStore] IsServiceConfigured: False
[2021-09-26 04:30:32Z INFO HostContext] Runner will be shutdown for UserCancelled
[2021-09-26 04:30:32Z WARN GitHubActionsService] GET request to https://pipelines.actions.githubusercontent.com/cuL4zmzH9S6UOBARaQLIlMo1gC3tDWyauzhxI7jq1t4GDwQE4H/_apis/distributedtask/pools/1/messages?sessionId=a09d1158-1beb-4913-90b4-0138e47c0dfe has been cancelled.
[2021-09-26 04:30:32Z INFO MessageListener] Get next message has been cancelled.
[2021-09-26 04:30:32Z INFO JobDispatcher] Shutting down JobDispatcher. Make sure all WorkerDispatcher has finished.
[2021-09-26 04:30:32Z INFO Terminal] WRITE LINE: Exiting...
[2021-09-26 04:30:32Z INFO ConfigurationStore] IsServiceConfigured()
[2021-09-26 04:30:32Z INFO ConfigurationStore] IsServiceConfigured: False
[2021-09-26 04:30:32Z INFO HostContext] Runner will be shutdown for UserCancelled
[2021-09-26 04:30:33Z INFO Listener] Runner execution been cancelled.
